mode: set
familyTree/src/family/tree.go:27.17,31.2 1 1
familyTree/src/family/tree.go:33.48,34.45 1 1
familyTree/src/family/tree.go:37.2,37.31 1 1
familyTree/src/family/tree.go:42.2,43.12 2 1
familyTree/src/family/tree.go:34.45,36.3 1 1
familyTree/src/family/tree.go:37.31,41.3 3 1
familyTree/src/family/tree.go:46.71,48.16 2 1
familyTree/src/family/tree.go:51.2,51.39 1 1
familyTree/src/family/tree.go:54.2,57.21 4 1
familyTree/src/family/tree.go:48.16,50.3 1 1
familyTree/src/family/tree.go:51.39,53.3 1 1
familyTree/src/family/tree.go:60.69,61.34 1 1
familyTree/src/family/tree.go:64.2,64.28 1 1
familyTree/src/family/tree.go:61.34,63.3 1 1
familyTree/src/command/add_child.go:8.55,11.16 3 1
familyTree/src/command/add_child.go:14.2,14.35 1 1
familyTree/src/command/add_child.go:11.16,13.3 1 0
familyTree/src/command/command.go:18.13,23.2 1 1
familyTree/src/command/command.go:29.46,31.2 1 1
familyTree/src/command/relationship.go:8.62,11.16 3 1
familyTree/src/command/relationship.go:14.2,15.33 2 1
familyTree/src/command/relationship.go:11.16,13.3 1 0
familyTree/src/handler/aunt_handler.go:9.77,13.2 3 1
familyTree/src/handler/aunt_handler.go:15.77,19.2 3 1
familyTree/src/handler/child_handler.go:9.68,12.2 2 1
familyTree/src/handler/child_handler.go:14.73,17.2 2 1
familyTree/src/handler/child_handler.go:19.64,21.33 2 1
familyTree/src/handler/child_handler.go:26.2,26.14 1 1
familyTree/src/handler/child_handler.go:21.33,22.35 1 1
familyTree/src/handler/child_handler.go:22.35,24.4 1 1
familyTree/src/handler/handler.go:10.13,22.2 1 1
familyTree/src/handler/handler.go:28.45,30.2 1 0
familyTree/src/handler/handler.go:32.60,34.23 2 1
familyTree/src/handler/handler.go:37.2,37.17 1 1
familyTree/src/handler/handler.go:34.23,36.3 1 1
familyTree/src/handler/handler.go:40.76,42.35 2 1
familyTree/src/handler/handler.go:47.2,47.13 1 1
familyTree/src/handler/handler.go:42.35,43.36 1 1
familyTree/src/handler/handler.go:43.36,45.4 1 1
familyTree/src/handler/inLaws_handler.go:9.76,13.41 4 1
familyTree/src/handler/inLaws_handler.go:16.2,16.34 1 1
familyTree/src/handler/inLaws_handler.go:13.41,15.3 1 0
familyTree/src/handler/inLaws_handler.go:19.77,23.41 4 1
familyTree/src/handler/inLaws_handler.go:26.2,26.34 1 1
familyTree/src/handler/inLaws_handler.go:23.41,25.3 1 1
familyTree/src/handler/inLaws_handler.go:29.73,31.35 2 1
familyTree/src/handler/inLaws_handler.go:39.2,39.15 1 1
familyTree/src/handler/inLaws_handler.go:31.35,33.48 2 1
familyTree/src/handler/inLaws_handler.go:33.48,34.43 1 1
familyTree/src/handler/inLaws_handler.go:34.43,36.5 1 1
familyTree/src/handler/inLaws_handler.go:42.76,45.35 2 1
familyTree/src/handler/inLaws_handler.go:50.2,50.15 1 1
familyTree/src/handler/inLaws_handler.go:45.35,46.66 1 1
familyTree/src/handler/inLaws_handler.go:46.66,48.4 1 1
familyTree/src/handler/sibling_handler.go:9.72,12.35 3 1
familyTree/src/handler/sibling_handler.go:15.2,15.40 1 1
familyTree/src/handler/sibling_handler.go:12.35,14.3 1 1
familyTree/src/handler/uncle_handler.go:9.78,13.2 3 1
familyTree/src/handler/uncle_handler.go:15.78,19.2 3 1
familyTree/src/person/builder.go:18.33,20.2 1 1
familyTree/src/person/builder.go:22.48,25.2 2 1
familyTree/src/person/builder.go:27.52,30.2 2 1
familyTree/src/person/builder.go:32.52,35.2 2 1
familyTree/src/person/builder.go:37.52,40.2 2 1
familyTree/src/person/builder.go:42.52,45.2 2 1
familyTree/src/person/builder.go:47.34,49.2 1 1
familyTree/src/person/model.go:32.44,41.2 1 1
familyTree/src/person/model.go:43.47,53.2 2 1
familyTree/src/person/model.go:55.35,57.2 1 1
familyTree/src/person/model.go:59.37,61.2 1 1
familyTree/src/person/model.go:63.37,65.2 1 1
familyTree/src/person/model.go:67.37,69.2 1 1
familyTree/src/person/model.go:71.37,73.2 1 1
familyTree/src/person/model.go:75.41,77.2 1 1
familyTree/src/person/model.go:79.42,80.35 1 1
familyTree/src/person/model.go:85.2,85.41 1 1
familyTree/src/person/model.go:80.35,81.42 1 0
familyTree/src/person/model.go:81.42,83.4 1 0
familyTree/src/person/model.go:88.41,90.21 2 0
familyTree/src/person/model.go:93.2,93.21 1 0
familyTree/src/person/model.go:96.2,96.33 1 0
familyTree/src/person/model.go:102.2,102.17 1 0
familyTree/src/person/model.go:90.21,92.3 1 0
familyTree/src/person/model.go:93.21,95.3 1 0
familyTree/src/person/model.go:96.33,97.32 1 0
familyTree/src/person/model.go:100.3,100.37 1 0
familyTree/src/person/model.go:97.32,98.12 1 0
familyTree/src/person/model.go:105.38,107.2 1 1
